2023-02-28 17:53:56 LogWrapper init() ./logs/EUR_CHF.log
2023-02-28 17:53:56 {'n_ma': 12, 'n_std': 2.5, 'maxspread': 0.0004, 'mingain': 0.0014, 'riskreward': 1.5}
2023-02-28 17:53:56 CandleManager() init last_candle:last_candle:23-02-28 22:52 is_ready:False
2023-02-28 17:54:06 CandleManager() new candle:last_candle:23-02-28 22:53 is_ready:True
2023-02-28 17:54:07 tech_manager: max_rows:32 candle_time:2023-02-28 22:53:00+00:00 granularity:M1
2023-02-28 17:54:07 process_candles:
,       PAIR                      time    mid_c    mid_o   SL   TP   SPREAD      GAIN  SIGNAL
26  EUR_CHF 2023-02-28 22:49:00+00:00  0.99611  0.99615  0.0  0.0  0.00056  0.000091       0
27  EUR_CHF 2023-02-28 22:50:00+00:00  0.99615  0.99620  0.0  0.0  0.00054  0.000042       0
28  EUR_CHF 2023-02-28 22:51:00+00:00  0.99612  0.99614  0.0  0.0  0.00050  0.000064       0
29  EUR_CHF 2023-02-28 22:52:00+00:00  0.99615  0.99612  0.0  0.0  0.00048  0.000029       0
30  EUR_CHF 2023-02-28 22:53:00+00:00  0.99616  0.99622  0.0  0.0  0.00051  0.000009       0
2023-02-28 17:55:09 CandleManager() new candle:last_candle:23-02-28 22:54 is_ready:True
2023-02-28 17:55:10 tech_manager: max_rows:32 candle_time:2023-02-28 22:54:00+00:00 granularity:M1
2023-02-28 17:55:10 process_candles:
,       PAIR                      time    mid_c    mid_o   SL   TP   SPREAD      GAIN  SIGNAL
26  EUR_CHF 2023-02-28 22:50:00+00:00  0.99615  0.99620  0.0  0.0  0.00054  0.000042       0
27  EUR_CHF 2023-02-28 22:51:00+00:00  0.99612  0.99614  0.0  0.0  0.00050  0.000064       0
28  EUR_CHF 2023-02-28 22:52:00+00:00  0.99615  0.99612  0.0  0.0  0.00048  0.000029       0
29  EUR_CHF 2023-02-28 22:53:00+00:00  0.99616  0.99622  0.0  0.0  0.00051  0.000009       0
30  EUR_CHF 2023-02-28 22:54:00+00:00  0.99614  0.99622  0.0  0.0  0.00050  0.000025       0
2023-02-28 17:56:02 CandleManager() new candle:last_candle:23-02-28 22:55 is_ready:True
2023-02-28 17:56:02 tech_manager: max_rows:32 candle_time:2023-02-28 22:55:00+00:00 granularity:M1
2023-02-28 17:56:02 process_candles:
,       PAIR                      time    mid_c    mid_o   SL   TP   SPREAD      GAIN  SIGNAL
26  EUR_CHF 2023-02-28 22:51:00+00:00  0.99612  0.99614  0.0  0.0  0.00050  0.000064       0
27  EUR_CHF 2023-02-28 22:52:00+00:00  0.99615  0.99612  0.0  0.0  0.00048  0.000029       0
28  EUR_CHF 2023-02-28 22:53:00+00:00  0.99616  0.99622  0.0  0.0  0.00051  0.000009       0
29  EUR_CHF 2023-02-28 22:54:00+00:00  0.99614  0.99622  0.0  0.0  0.00050  0.000025       0
30  EUR_CHF 2023-02-28 22:55:00+00:00  0.99616  0.99619  0.0  0.0  0.00059  0.000005       0
2023-02-28 17:57:04 CandleManager() new candle:last_candle:23-02-28 22:56 is_ready:True
2023-02-28 17:57:05 tech_manager: max_rows:32 candle_time:2023-02-28 22:56:00+00:00 granularity:M1
2023-02-28 17:57:05 process_candles:
,       PAIR                      time    mid_c    mid_o        SL       TP   SPREAD      GAIN  SIGNAL
26  EUR_CHF 2023-02-28 22:52:00+00:00  0.99615  0.99612  0.000000  0.00000  0.00048  0.000029       0
27  EUR_CHF 2023-02-28 22:53:00+00:00  0.99616  0.99622  0.000000  0.00000  0.00051  0.000009       0
28  EUR_CHF 2023-02-28 22:54:00+00:00  0.99614  0.99622  0.000000  0.00000  0.00050  0.000025       0
29  EUR_CHF 2023-02-28 22:55:00+00:00  0.99616  0.99619  0.000000  0.00000  0.00059  0.000005       0
30  EUR_CHF 2023-02-28 22:56:00+00:00  0.99625  0.99614  0.996304  0.99617  0.00038  0.000080      -1
2023-02-28 17:57:05 Place Trade: TradeDecision(): EUR_CHF dir:-1 gain:0.0001 sl:0.9963 tp:0.9962
2023-02-28 17:58:07 CandleManager() new candle:last_candle:23-02-28 22:57 is_ready:True
2023-02-28 17:58:07 tech_manager: max_rows:32 candle_time:2023-02-28 22:57:00+00:00 granularity:M1
2023-02-28 17:58:07 process_candles:
,       PAIR                      time    mid_c    mid_o        SL       TP   SPREAD      GAIN  SIGNAL
26  EUR_CHF 2023-02-28 22:53:00+00:00  0.99616  0.99622  0.000000  0.00000  0.00051  0.000009       0
27  EUR_CHF 2023-02-28 22:54:00+00:00  0.99614  0.99622  0.000000  0.00000  0.00050  0.000025       0
28  EUR_CHF 2023-02-28 22:55:00+00:00  0.99616  0.99619  0.000000  0.00000  0.00059  0.000005       0
29  EUR_CHF 2023-02-28 22:56:00+00:00  0.99625  0.99614  0.996304  0.99617  0.00038  0.000080      -1
30  EUR_CHF 2023-02-28 22:57:00+00:00  0.99634  0.99623  0.000000  0.00000  0.00047  0.000161       0
