2023-02-28 17:53:56 LogWrapper init() ./logs/GBP_CHF.log
2023-02-28 17:53:56 {'n_ma': 12, 'n_std': 2.5, 'maxspread': 0.0004, 'mingain': 0.0014, 'riskreward': 1.5}
2023-02-28 17:53:56 CandleManager() init last_candle:last_candle:23-02-28 22:52 is_ready:False
2023-02-28 17:54:06 CandleManager() new candle:last_candle:23-02-28 22:53 is_ready:True
2023-02-28 17:54:07 tech_manager: max_rows:32 candle_time:2023-02-28 22:53:00+00:00 granularity:M1
2023-02-28 17:54:07 process_candles:
,       PAIR                      time    mid_c    mid_o   SL   TP   SPREAD      GAIN  SIGNAL
26  GBP_CHF 2023-02-28 22:49:00+00:00  1.13311  1.13308  0.0  0.0  0.00200  0.000034       0
27  GBP_CHF 2023-02-28 22:50:00+00:00  1.13316  1.13308  0.0  0.0  0.00189  0.000024       0
28  GBP_CHF 2023-02-28 22:51:00+00:00  1.13312  1.13312  0.0  0.0  0.00201  0.000012       0
29  GBP_CHF 2023-02-28 22:52:00+00:00  1.13321  1.13318  0.0  0.0  0.00184  0.000068       0
30  GBP_CHF 2023-02-28 22:53:00+00:00  1.13321  1.13318  0.0  0.0  0.00210  0.000060       0
2023-02-28 17:55:09 CandleManager() new candle:last_candle:23-02-28 22:54 is_ready:True
2023-02-28 17:55:09 tech_manager: max_rows:32 candle_time:2023-02-28 22:54:00+00:00 granularity:M1
2023-02-28 17:55:10 process_candles:
,       PAIR                      time    mid_c    mid_o   SL   TP   SPREAD      GAIN  SIGNAL
26  GBP_CHF 2023-02-28 22:50:00+00:00  1.13316  1.13308  0.0  0.0  0.00189  0.000024       0
27  GBP_CHF 2023-02-28 22:51:00+00:00  1.13312  1.13312  0.0  0.0  0.00201  0.000013       0
28  GBP_CHF 2023-02-28 22:52:00+00:00  1.13321  1.13318  0.0  0.0  0.00184  0.000068       0
29  GBP_CHF 2023-02-28 22:53:00+00:00  1.13321  1.13318  0.0  0.0  0.00210  0.000060       0
30  GBP_CHF 2023-02-28 22:54:00+00:00  1.13320  1.13328  0.0  0.0  0.00200  0.000051       0
2023-02-28 17:56:12 CandleManager() new candle:last_candle:23-02-28 22:55 is_ready:True
2023-02-28 17:56:12 tech_manager: max_rows:32 candle_time:2023-02-28 22:55:00+00:00 granularity:M1
2023-02-28 17:56:12 process_candles:
,       PAIR                      time    mid_c    mid_o   SL   TP   SPREAD      GAIN  SIGNAL
26  GBP_CHF 2023-02-28 22:51:00+00:00  1.13312  1.13312  0.0  0.0  0.00201  0.000013       0
27  GBP_CHF 2023-02-28 22:52:00+00:00  1.13321  1.13318  0.0  0.0  0.00184  0.000068       0
28  GBP_CHF 2023-02-28 22:53:00+00:00  1.13321  1.13318  0.0  0.0  0.00210  0.000060       0
29  GBP_CHF 2023-02-28 22:54:00+00:00  1.13320  1.13328  0.0  0.0  0.00200  0.000051       0
30  GBP_CHF 2023-02-28 22:55:00+00:00  1.13324  1.13325  0.0  0.0  0.00208  0.000084       0
2023-02-28 17:57:04 CandleManager() new candle:last_candle:23-02-28 22:56 is_ready:True
2023-02-28 17:57:04 tech_manager: max_rows:32 candle_time:2023-02-28 22:56:00+00:00 granularity:M1
2023-02-28 17:57:05 process_candles:
,       PAIR                      time    mid_c    mid_o   SL   TP   SPREAD      GAIN  SIGNAL
26  GBP_CHF 2023-02-28 22:52:00+00:00  1.13321  1.13318  0.0  0.0  0.00184  0.000068       0
27  GBP_CHF 2023-02-28 22:53:00+00:00  1.13321  1.13318  0.0  0.0  0.00210  0.000060       0
28  GBP_CHF 2023-02-28 22:54:00+00:00  1.13320  1.13328  0.0  0.0  0.00200  0.000051       0
29  GBP_CHF 2023-02-28 22:55:00+00:00  1.13324  1.13325  0.0  0.0  0.00208  0.000084       0
30  GBP_CHF 2023-02-28 22:56:00+00:00  1.13330  1.13326  0.0  0.0  0.00183  0.000126       0
2023-02-28 17:58:07 CandleManager() new candle:last_candle:23-02-28 22:57 is_ready:True
2023-02-28 17:58:07 tech_manager: max_rows:32 candle_time:2023-02-28 22:57:00+00:00 granularity:M1
2023-02-28 17:58:07 process_candles:
,       PAIR                      time    mid_c    mid_o   SL   TP   SPREAD      GAIN  SIGNAL
26  GBP_CHF 2023-02-28 22:53:00+00:00  1.13321  1.13318  0.0  0.0  0.00210  0.000060       0
27  GBP_CHF 2023-02-28 22:54:00+00:00  1.13320  1.13328  0.0  0.0  0.00200  0.000051       0
28  GBP_CHF 2023-02-28 22:55:00+00:00  1.13324  1.13325  0.0  0.0  0.00208  0.000084       0
29  GBP_CHF 2023-02-28 22:56:00+00:00  1.13330  1.13326  0.0  0.0  0.00183  0.000126       0
30  GBP_CHF 2023-02-28 22:57:00+00:00  1.13338  1.13328  0.0  0.0  0.00197  0.000189       0
